INFO  (2021-12-27) 17:39.10:111 [access] (Unknown-URI) Unknown-Thread/CocoonServlet: Reloading from: file:/Users/tamarkalkhitashvili/Documents/ecg-efes/webapps/ROOT/WEB-INF/cocoon.xconf
INFO  (2021-12-27) 17:39.10:342 [core.runnable] (Unknown-URI) Unknown-Thread/DefaultRunnableManager: ThreadPool named "default" created with maximum queue-size=2147483647,max-pool-size=5,min-pool-size=5,priority=5,isDaemon=false,keep-alive-time-ms=60000,block-policy="ABORT",shutdown-wait-time-ms=-1
INFO  (2021-12-27) 17:39.10:346 [core.runnable] (Unknown-URI) Unknown-Thread/DefaultRunnableManager: ThreadPool named "daemon" created with no queue,max-pool-size=2147483647,min-pool-size=1,priority=5,isDaemon=true,keep-alive-time-ms=60000,block-policy=ABORT,shutdown-wait-time-ms=-1
INFO  (2021-12-27) 17:39.10:457 [core.store] (Unknown-URI) Unknown-Thread/EHDefaultStore: EHCache cache "cocoon-ehcache-1" initialized
WARN  (2021-12-27) 17:39.10:476 [core.language.java] (Unknown-URI) Unknown-Thread/JavaLanguage: Could not expand Directory:null
java.lang.NullPointerException
	at java.base/java.util.StringTokenizer.<init>(StringTokenizer.java:199)
	at java.base/java.util.StringTokenizer.<init>(StringTokenizer.java:221)
	at org.apache.cocoon.components.language.programming.java.JavaLanguage.expandDirs(JavaLanguage.java:280)
	at org.apache.cocoon.components.language.programming.java.JavaLanguage.initialize(JavaLanguage.java:147)
	at org.apache.avalon.framework.container.ContainerUtil.initialize(ContainerUtil.java:244)
	at org.apache.avalon.excalibur.component.DefaultComponentFactory.newInstance(DefaultComponentFactory.java:297)
	at org.apache.avalon.excalibur.component.ThreadSafeComponentHandler.initialize(ThreadSafeComponentHandler.java:108)
	at org.apache.avalon.excalibur.component.ExcaliburComponentSelector.addComponent(ExcaliburComponentSelector.java:705)
	at org.apache.cocoon.components.ExtendedComponentSelector.configure(ExtendedComponentSelector.java:229)
	at org.apache.avalon.framework.container.ContainerUtil.configure(ContainerUtil.java:201)
	at org.apache.avalon.excalibur.component.DefaultComponentFactory.newInstance(DefaultComponentFactory.java:289)
	at org.apache.avalon.excalibur.component.ThreadSafeComponentHandler.initialize(ThreadSafeComponentHandler.java:108)
	at org.apache.avalon.excalibur.component.ExcaliburComponentManager.lookup(ExcaliburComponentManager.java:278)
	at org.apache.cocoon.components.CocoonComponentManager.lookup(CocoonComponentManager.java:354)
	at org.apache.cocoon.components.language.generator.ProgramGeneratorImpl.compose(ProgramGeneratorImpl.java:139)
	at org.apache.avalon.framework.container.ContainerUtil.compose(ContainerUtil.java:173)
	at org.apache.avalon.excalibur.component.DefaultComponentFactory.newInstance(DefaultComponentFactory.java:266)
	at org.apache.avalon.excalibur.component.ThreadSafeComponentHandler.initialize(ThreadSafeComponentHandler.java:108)
	at org.apache.avalon.excalibur.component.ExcaliburComponentManager.initialize(ExcaliburComponentManager.java:524)
	at org.apache.cocoon.components.CocoonComponentManager.initialize(CocoonComponentManager.java:583)
	at org.apache.avalon.framework.container.ContainerUtil.initialize(ContainerUtil.java:244)
	at org.apache.cocoon.Cocoon.initialize(Cocoon.java:345)
	at org.apache.avalon.framework.container.ContainerUtil.initialize(ContainerUtil.java:244)
	at org.apache.cocoon.servlet.CocoonServlet.createCocoon(CocoonServlet.java:1429)
	at org.apache.cocoon.servlet.CocoonServlet.init(CocoonServlet.java:499)
	at org.eclipse.jetty.servlet.ServletHolder.initServlet(ServletHolder.java:542)
	at org.eclipse.jetty.servlet.ServletHolder.initialize(ServletHolder.java:351)
	at org.eclipse.jetty.servlet.ServletHandler.initialize(ServletHandler.java:800)
	at org.eclipse.jetty.servlet.ServletContextHandler.startContext(ServletContextHandler.java:288)
	at org.eclipse.jetty.webapp.WebAppContext.startContext(WebAppContext.java:1322)
	at org.eclipse.jetty.server.handler.ContextHandler.doStart(ContextHandler.java:731)
	at org.eclipse.jetty.webapp.WebAppContext.doStart(WebAppContext.java:490)
	at org.eclipse.jetty.ant.AntWebAppContext.doStart(AntWebAppContext.java:664)
	at org.eclipse.jetty.util.component.AbstractLifeCycle.start(AbstractLifeCycle.java:69)
	at org.eclipse.jetty.util.component.ContainerLifeCycle.start(ContainerLifeCycle.java:108)
	at org.eclipse.jetty.util.component.ContainerLifeCycle.doStart(ContainerLifeCycle.java:90)
	at org.eclipse.jetty.server.handler.AbstractHandler.doStart(AbstractHandler.java:58)
	at org.eclipse.jetty.server.handler.ContextHandlerCollection.doStart(ContextHandlerCollection.java:175)
	at org.eclipse.jetty.util.component.AbstractLifeCycle.start(AbstractLifeCycle.java:69)
	at org.eclipse.jetty.util.component.ContainerLifeCycle.start(ContainerLifeCycle.java:108)
	at org.eclipse.jetty.util.component.ContainerLifeCycle.doStart(ContainerLifeCycle.java:90)
	at org.eclipse.jetty.server.handler.AbstractHandler.doStart(AbstractHandler.java:58)
	at org.eclipse.jetty.util.component.AbstractLifeCycle.start(AbstractLifeCycle.java:69)
	at org.eclipse.jetty.util.component.ContainerLifeCycle.start(ContainerLifeCycle.java:108)
	at org.eclipse.jetty.server.Server.start(Server.java:342)
	at org.eclipse.jetty.util.component.ContainerLifeCycle.doStart(ContainerLifeCycle.java:90)
	at org.eclipse.jetty.server.handler.AbstractHandler.doStart(AbstractHandler.java:58)
	at org.eclipse.jetty.server.Server.doStart(Server.java:290)
	at org.eclipse.jetty.util.component.AbstractLifeCycle.start(AbstractLifeCycle.java:69)
	at org.eclipse.jetty.ant.ServerProxyImpl.start(ServerProxyImpl.java:253)
	at org.eclipse.jetty.ant.JettyRunTask.execute(JettyRunTask.java:262)
	at org.apache.tools.ant.UnknownElement.execute(UnknownElement.java:292)
	at jdk.internal.reflect.GeneratedMethodAccessor4.invoke(Unknown Source)
	at java.base/jdk.internal.reflect.DelegatingMethodAccessorImpl.invoke(DelegatingMethodAccessorImpl.java:43)
	at java.base/java.lang.reflect.Method.invoke(Method.java:567)
	at org.apache.tools.ant.dispatch.DispatchUtils.execute(DispatchUtils.java:106)
	at org.apache.tools.ant.Task.perform(Task.java:348)
	at org.apache.tools.ant.Target.execute(Target.java:435)
	at org.apache.tools.ant.Target.performTasks(Target.java:456)
	at org.apache.tools.ant.Project.executeSortedTargets(Project.java:1393)
	at org.apache.tools.ant.Project.executeTarget(Project.java:1364)
	at org.apache.tools.ant.helper.DefaultExecutor.executeTargets(DefaultExecutor.java:41)
	at org.apache.tools.ant.Project.executeTargets(Project.java:1248)
	at org.apache.tools.ant.Main.runBuild(Main.java:851)
	at org.apache.tools.ant.Main.startAnt(Main.java:235)
	at org.apache.tools.ant.launch.Launcher.run(Launcher.java:280)
	at org.apache.tools.ant.launch.Launcher.main(Launcher.java:109)
INFO  (2021-12-27) 17:39.17:743 [core.manager] (/ka/inscriptions/ECG416.html) qtp31114735-20/CacheImpl: Caching new response for PK_G-file-file:///Users/tamarkalkhitashvili/Documents/ecg-efes/webapps/ROOT/sitemaps/../kiln/sitemaps/../../stylesheets/defaults.xsl
INFO  (2021-12-27) 17:39.17:960 [core.manager] (/ka/inscriptions/ECG416.html) qtp31114735-20/CacheImpl: Caching new response for PK_G-file-file:///Users/tamarkalkhitashvili/Documents/ecg-efes/webapps/ROOT/sitemaps/../kiln/sitemaps/../../sitemaps/../kiln/sitemaps/assets.xmap_T-saxon-file:///Users/tamarkalkhitashvili/Documents/ecg-efes/webapps/ROOT/sitemaps/../kiln/sitemaps/../stylesheets/introspection/sitemap-xinclude.xsl;dir=sitemaps/../kiln/sitemaps/;file=assets.xmap;uri_prefix=assets/_T-xinclude-XInclude_T-saxon-file:///Users/tamarkalkhitashvili/Documents/ecg-efes/webapps/ROOT/sitemaps/../kiln/sitemaps/../stylesheets/introspection/remove-namespaces.xsl
INFO  (2021-12-27) 17:39.17:967 [core.manager] (/ka/inscriptions/ECG416.html) qtp31114735-20/CacheImpl: Caching new response for PK_G-file-file:///Users/tamarkalkhitashvili/Documents/ecg-efes/webapps/ROOT/sitemaps/../kiln/sitemaps/../../sitemaps/../kiln/sitemaps/fedora.xmap_T-saxon-file:///Users/tamarkalkhitashvili/Documents/ecg-efes/webapps/ROOT/sitemaps/../kiln/sitemaps/../stylesheets/introspection/sitemap-xinclude.xsl;dir=sitemaps/../kiln/sitemaps/;file=fedora.xmap;uri_prefix=_internal/fedora/_T-xinclude-XInclude_T-saxon-file:///Users/tamarkalkhitashvili/Documents/ecg-efes/webapps/ROOT/sitemaps/../kiln/sitemaps/../stylesheets/introspection/remove-namespaces.xsl
INFO  (2021-12-27) 17:39.17:976 [core.manager] (/ka/inscriptions/ECG416.html) qtp31114735-20/CacheImpl: Caching new response for PK_G-file-file:///Users/tamarkalkhitashvili/Documents/ecg-efes/webapps/ROOT/sitemaps/../kiln/sitemaps/../../sitemaps/../kiln/sitemaps/odd.xmap_T-saxon-file:///Users/tamarkalkhitashvili/Documents/ecg-efes/webapps/ROOT/sitemaps/../kiln/sitemaps/../stylesheets/introspection/sitemap-xinclude.xsl;dir=sitemaps/../kiln/sitemaps/;file=odd.xmap;uri_prefix=_internal/odd/_T-xinclude-XInclude_T-saxon-file:///Users/tamarkalkhitashvili/Documents/ecg-efes/webapps/ROOT/sitemaps/../kiln/sitemaps/../stylesheets/introspection/remove-namespaces.xsl
INFO  (2021-12-27) 17:39.17:985 [core.manager] (/ka/inscriptions/ECG416.html) qtp31114735-20/CacheImpl: Caching new response for PK_G-file-file:///Users/tamarkalkhitashvili/Documents/ecg-efes/webapps/ROOT/sitemaps/../kiln/sitemaps/../../sitemaps/../kiln/sitemaps/schematron.xmap_T-saxon-file:///Users/tamarkalkhitashvili/Documents/ecg-efes/webapps/ROOT/sitemaps/../kiln/sitemaps/../stylesheets/introspection/sitemap-xinclude.xsl;dir=sitemaps/../kiln/sitemaps/;file=schematron.xmap;uri_prefix=_internal/schematron/_T-xinclude-XInclude_T-saxon-file:///Users/tamarkalkhitashvili/Documents/ecg-efes/webapps/ROOT/sitemaps/../kiln/sitemaps/../stylesheets/introspection/remove-namespaces.xsl
INFO  (2021-12-27) 17:39.17:994 [core.manager] (/ka/inscriptions/ECG416.html) qtp31114735-20/CacheImpl: Caching new response for PK_G-file-file:///Users/tamarkalkhitashvili/Documents/ecg-efes/webapps/ROOT/sitemaps/../kiln/sitemaps/../../sitemaps/../kiln/sitemaps/sesame.xmap_T-saxon-file:///Users/tamarkalkhitashvili/Documents/ecg-efes/webapps/ROOT/sitemaps/../kiln/sitemaps/../stylesheets/introspection/sitemap-xinclude.xsl;dir=sitemaps/../kiln/sitemaps/;file=sesame.xmap;uri_prefix=_internal/sesame/_T-xinclude-XInclude_T-saxon-file:///Users/tamarkalkhitashvili/Documents/ecg-efes/webapps/ROOT/sitemaps/../kiln/sitemaps/../stylesheets/introspection/remove-namespaces.xsl
INFO  (2021-12-27) 17:39.18:001 [core.manager] (/ka/inscriptions/ECG416.html) qtp31114735-20/CacheImpl: Caching new response for PK_G-file-file:///Users/tamarkalkhitashvili/Documents/ecg-efes/webapps/ROOT/sitemaps/../kiln/sitemaps/../../sitemaps/../kiln/sitemaps/solr.xmap_T-saxon-file:///Users/tamarkalkhitashvili/Documents/ecg-efes/webapps/ROOT/sitemaps/../kiln/sitemaps/../stylesheets/introspection/sitemap-xinclude.xsl;dir=sitemaps/../kiln/sitemaps/;file=solr.xmap;uri_prefix=_internal/solr/_T-xinclude-XInclude_T-saxon-file:///Users/tamarkalkhitashvili/Documents/ecg-efes/webapps/ROOT/sitemaps/../kiln/sitemaps/../stylesheets/introspection/remove-namespaces.xsl
INFO  (2021-12-27) 17:39.18:014 [core.manager] (/ka/inscriptions/ECG416.html) qtp31114735-20/CacheImpl: Caching new response for PK_G-file-file:///Users/tamarkalkhitashvili/Documents/ecg-efes/webapps/ROOT/sitemaps/../kiln/sitemaps/../../sitemaps/../kiln/sitemaps/introspection.xmap_T-saxon-file:///Users/tamarkalkhitashvili/Documents/ecg-efes/webapps/ROOT/sitemaps/../kiln/sitemaps/../stylesheets/introspection/sitemap-xinclude.xsl;dir=sitemaps/../kiln/sitemaps/;file=introspection.xmap;uri_prefix=_internal/introspection/_T-xinclude-XInclude_T-saxon-file:///Users/tamarkalkhitashvili/Documents/ecg-efes/webapps/ROOT/sitemaps/../kiln/sitemaps/../stylesheets/introspection/remove-namespaces.xsl
INFO  (2021-12-27) 17:39.18:033 [core.manager] (/ka/inscriptions/ECG416.html) qtp31114735-20/CacheImpl: Caching new response for PK_G-file-file:///Users/tamarkalkhitashvili/Documents/ecg-efes/webapps/ROOT/sitemaps/../kiln/sitemaps/../../sitemaps/../kiln/sitemaps/../../sitemaps/fedora.xmap_T-saxon-file:///Users/tamarkalkhitashvili/Documents/ecg-efes/webapps/ROOT/sitemaps/../kiln/sitemaps/../stylesheets/introspection/sitemap-xinclude.xsl;dir=sitemaps/../kiln/sitemaps/../../sitemaps/;file=fedora.xmap;uri_prefix=admin/fedora_T-xinclude-XInclude_T-saxon-file:///Users/tamarkalkhitashvili/Documents/ecg-efes/webapps/ROOT/sitemaps/../kiln/sitemaps/../stylesheets/introspection/remove-namespaces.xsl
INFO  (2021-12-27) 17:39.18:043 [core.manager] (/ka/inscriptions/ECG416.html) qtp31114735-20/CacheImpl: Caching new response for PK_G-file-file:///Users/tamarkalkhitashvili/Documents/ecg-efes/webapps/ROOT/sitemaps/../kiln/sitemaps/../../sitemaps/../kiln/sitemaps/../../sitemaps/rdf.xmap_T-saxon-file:///Users/tamarkalkhitashvili/Documents/ecg-efes/webapps/ROOT/sitemaps/../kiln/sitemaps/../stylesheets/introspection/sitemap-xinclude.xsl;dir=sitemaps/../kiln/sitemaps/../../sitemaps/;file=rdf.xmap;uri_prefix=admin/rdf/_T-xinclude-XInclude_T-saxon-file:///Users/tamarkalkhitashvili/Documents/ecg-efes/webapps/ROOT/sitemaps/../kiln/sitemaps/../stylesheets/introspection/remove-namespaces.xsl
INFO  (2021-12-27) 17:39.18:058 [core.manager] (/ka/inscriptions/ECG416.html) qtp31114735-20/CacheImpl: Caching new response for PK_G-file-file:///Users/tamarkalkhitashvili/Documents/ecg-efes/webapps/ROOT/sitemaps/../kiln/sitemaps/../../sitemaps/../kiln/sitemaps/../../sitemaps/solr.xmap_T-saxon-file:///Users/tamarkalkhitashvili/Documents/ecg-efes/webapps/ROOT/sitemaps/../kiln/sitemaps/../stylesheets/introspection/sitemap-xinclude.xsl;dir=sitemaps/../kiln/sitemaps/../../sitemaps/;file=solr.xmap;uri_prefix=admin/solr/_T-xinclude-XInclude_T-saxon-file:///Users/tamarkalkhitashvili/Documents/ecg-efes/webapps/ROOT/sitemaps/../kiln/sitemaps/../stylesheets/introspection/remove-namespaces.xsl
INFO  (2021-12-27) 17:39.18:067 [core.manager] (/ka/inscriptions/ECG416.html) qtp31114735-20/CacheImpl: Caching new response for PK_G-file-file:///Users/tamarkalkhitashvili/Documents/ecg-efes/webapps/ROOT/sitemaps/../kiln/sitemaps/../../sitemaps/../kiln/sitemaps/../../sitemaps/admin.xmap_T-saxon-file:///Users/tamarkalkhitashvili/Documents/ecg-efes/webapps/ROOT/sitemaps/../kiln/sitemaps/../stylesheets/introspection/sitemap-xinclude.xsl;dir=sitemaps/../kiln/sitemaps/../../sitemaps/;file=admin.xmap;uri_prefix=admin/_T-xinclude-XInclude_T-saxon-file:///Users/tamarkalkhitashvili/Documents/ecg-efes/webapps/ROOT/sitemaps/../kiln/sitemaps/../stylesheets/introspection/remove-namespaces.xsl
INFO  (2021-12-27) 17:39.18:079 [core.manager] (/ka/inscriptions/ECG416.html) qtp31114735-20/CacheImpl: Caching new response for PK_G-file-file:///Users/tamarkalkhitashvili/Documents/ecg-efes/webapps/ROOT/sitemaps/../kiln/sitemaps/../../sitemaps/../kiln/sitemaps/../../sitemaps/internal.xmap_T-saxon-file:///Users/tamarkalkhitashvili/Documents/ecg-efes/webapps/ROOT/sitemaps/../kiln/sitemaps/../stylesheets/introspection/sitemap-xinclude.xsl;dir=sitemaps/../kiln/sitemaps/../../sitemaps/;file=internal.xmap;uri_prefix=internal/_T-xinclude-XInclude_T-saxon-file:///Users/tamarkalkhitashvili/Documents/ecg-efes/webapps/ROOT/sitemaps/../kiln/sitemaps/../stylesheets/introspection/remove-namespaces.xsl
INFO  (2021-12-27) 17:39.18:089 [core.manager] (/ka/inscriptions/ECG416.html) qtp31114735-20/CacheImpl: Caching new response for PK_G-file-file:///Users/tamarkalkhitashvili/Documents/ecg-efes/webapps/ROOT/sitemaps/../kiln/sitemaps/../../sitemaps/../kiln/sitemaps/../../sitemaps/main.xmap_T-saxon-file:///Users/tamarkalkhitashvili/Documents/ecg-efes/webapps/ROOT/sitemaps/../kiln/sitemaps/../stylesheets/introspection/sitemap-xinclude.xsl;dir=sitemaps/../kiln/sitemaps/../../sitemaps/;file=main.xmap;uri_prefix=_T-xinclude-XInclude_T-saxon-file:///Users/tamarkalkhitashvili/Documents/ecg-efes/webapps/ROOT/sitemaps/../kiln/sitemaps/../stylesheets/introspection/remove-namespaces.xsl
INFO  (2021-12-27) 17:39.18:098 [core.manager] (/ka/inscriptions/ECG416.html) qtp31114735-20/CacheImpl: Caching new response for PK_G-file-file:///Users/tamarkalkhitashvili/Documents/ecg-efes/webapps/ROOT/sitemaps/../kiln/sitemaps/../../sitemaps/../kiln/sitemaps/main.xmap_T-saxon-file:///Users/tamarkalkhitashvili/Documents/ecg-efes/webapps/ROOT/sitemaps/../kiln/sitemaps/../stylesheets/introspection/sitemap-xinclude.xsl;dir=sitemaps/../kiln/sitemaps/;file=main.xmap;uri_prefix=_T-xinclude-XInclude_T-saxon-file:///Users/tamarkalkhitashvili/Documents/ecg-efes/webapps/ROOT/sitemaps/../kiln/sitemaps/../stylesheets/introspection/remove-namespaces.xsl
INFO  (2021-12-27) 17:39.18:106 [core.manager] (/ka/inscriptions/ECG416.html) qtp31114735-20/CacheImpl: Caching new response for PK_G-file-file:///Users/tamarkalkhitashvili/Documents/ecg-efes/webapps/ROOT/sitemaps/../kiln/sitemaps/../../sitemaps/config.xmap_T-saxon-file:///Users/tamarkalkhitashvili/Documents/ecg-efes/webapps/ROOT/sitemaps/../kiln/sitemaps/../stylesheets/introspection/sitemap-xinclude.xsl;dir=sitemaps/;file=config.xmap;uri_prefix=_T-xinclude-XInclude_T-saxon-file:///Users/tamarkalkhitashvili/Documents/ecg-efes/webapps/ROOT/sitemaps/../kiln/sitemaps/../stylesheets/introspection/remove-namespaces.xsl
INFO  (2021-12-27) 17:39.18:116 [core.manager] (/ka/inscriptions/ECG416.html) qtp31114735-20/CacheImpl: Caching new response for PK_G-file-file:///Users/tamarkalkhitashvili/Documents/ecg-efes/webapps/ROOT/sitemaps/../kiln/sitemaps/../../mount-table.xml_T-saxon-file:///Users/tamarkalkhitashvili/Documents/ecg-efes/webapps/ROOT/sitemaps/../kiln/sitemaps/../stylesheets/introspection/mount-table-xinclude.xsl_T-xinclude-XInclude_T-saxon-file:///Users/tamarkalkhitashvili/Documents/ecg-efes/webapps/ROOT/sitemaps/../kiln/sitemaps/../stylesheets/introspection/remove-namespaces.xsl
INFO  (2021-12-27) 17:39.18:139 [core.manager] (/ka/inscriptions/ECG416.html) qtp31114735-20/CacheImpl: Caching new response for PK_G-file-file:///Users/tamarkalkhitashvili/Documents/ecg-efes/webapps/ROOT/sitemaps/../kiln/sitemaps/../../sitemap.xmap_T-saxon-file:///Users/tamarkalkhitashvili/Documents/ecg-efes/webapps/ROOT/sitemaps/../kiln/sitemaps/../stylesheets/introspection/sitemap-xinclude.xsl;dir=;file=sitemap.xmap;uri_prefix=_T-xinclude-XInclude_T-saxon-file:///Users/tamarkalkhitashvili/Documents/ecg-efes/webapps/ROOT/sitemaps/../kiln/sitemaps/../stylesheets/introspection/remove-namespaces.xsl
INFO  (2021-12-27) 17:39.18:139 [core.manager] (/ka/inscriptions/ECG416.html) qtp31114735-20/CacheImpl: Caching new response for PK_G-file-cocoon://_internal/introspection/pipeline/sitemap.xmap?pipelinehash=5799292397668827385
INFO  (2021-12-27) 17:39.18:140 [core.manager] (/ka/inscriptions/ECG416.html) qtp31114735-20/CacheImpl: Caching new response for PK_G-file-cocoon://_internal/introspection/pipelines.xml?pipelinehash=2446959837106705128_T-saxon-file:///Users/tamarkalkhitashvili/Documents/ecg-efes/webapps/ROOT/sitemaps/../kiln/sitemaps/../stylesheets/url-reverse.xsl
INFO  (2021-12-27) 17:39.18:222 [core.manager] (/ka/inscriptions/ECG416.html) qtp31114735-20/CacheImpl: Caching new response for PK_G-file-file:///Users/tamarkalkhitashvili/Documents/ecg-efes/webapps/ROOT/sitemaps/../kiln/sitemaps/../../assets/templates/epidoc-sample.xml_T-xinclude-XInclude_T-saxon-file:///Users/tamarkalkhitashvili/Documents/ecg-efes/webapps/ROOT/sitemaps/../kiln/sitemaps/../stylesheets/template/inherit-template.xsl
INFO  (2021-12-27) 17:39.18:225 [core.manager] (/ka/inscriptions/ECG416.html) qtp31114735-20/CacheImpl: Caching new response for PK_G-file-file:///Users/tamarkalkhitashvili/Documents/ecg-efes/webapps/ROOT/sitemaps/../kiln/sitemaps/../../stylesheets/epidoc/start-edition.xsl
INFO  (2021-12-27) 17:39.18:233 [core.manager] (/ka/inscriptions/ECG416.html) qtp31114735-20/CacheImpl: Caching new response for PK_G-file-file:///Users/tamarkalkhitashvili/Documents/ecg-efes/webapps/ROOT/sitemaps/../kiln/sitemaps/../../stylesheets/epidoc/../../kiln/stylesheets/epidoc/start-edition.xsl
INFO  (2021-12-27) 17:39.18:241 [core.manager] (/ka/inscriptions/ECG416.html) qtp31114735-20/CacheImpl: Caching new response for PK_G-file-file:///Users/tamarkalkhitashvili/Documents/ecg-efes/webapps/ROOT/sitemaps/../kiln/sitemaps/../../stylesheets/epidoc/../../kiln/stylesheets/epidoc/global-varsandparams.xsl
INFO  (2021-12-27) 17:39.18:246 [core.manager] (/ka/inscriptions/ECG416.html) qtp31114735-20/CacheImpl: Caching new response for PK_G-file-file:///Users/tamarkalkhitashvili/Documents/ecg-efes/webapps/ROOT/sitemaps/../kiln/sitemaps/../../stylesheets/epidoc/../../kiln/stylesheets/epidoc/htm-teiab.xsl
INFO  (2021-12-27) 17:39.18:248 [core.manager] (/ka/inscriptions/ECG416.html) qtp31114735-20/CacheImpl: Caching new response for PK_G-file-file:///Users/tamarkalkhitashvili/Documents/ecg-efes/webapps/ROOT/sitemaps/../kiln/sitemaps/../../stylesheets/epidoc/../../kiln/stylesheets/epidoc/htm-teiaddanddel.xsl
INFO  (2021-12-27) 17:39.18:253 [core.manager] (/ka/inscriptions/ECG416.html) qtp31114735-20/CacheImpl: Caching new response for PK_G-file-file:///Users/tamarkalkhitashvili/Documents/ecg-efes/webapps/ROOT/sitemaps/../kiln/sitemaps/../../stylesheets/epidoc/../../kiln/stylesheets/epidoc/teiaddanddel.xsl
INFO  (2021-12-27) 17:39.18:261 [core.manager] (/ka/inscriptions/ECG416.html) qtp31114735-20/CacheImpl: Caching new response for PK_G-file-file:///Users/tamarkalkhitashvili/Documents/ecg-efes/webapps/ROOT/sitemaps/../kiln/sitemaps/../../stylesheets/epidoc/../../kiln/stylesheets/epidoc/htm-teiapp.xsl
INFO  (2021-12-27) 17:39.18:266 [core.manager] (/ka/inscriptions/ECG416.html) qtp31114735-20/CacheImpl: Caching new response for PK_G-file-file:///Users/tamarkalkhitashvili/Documents/ecg-efes/webapps/ROOT/sitemaps/../kiln/sitemaps/../../stylesheets/epidoc/../../kiln/stylesheets/epidoc/htm-teidiv.xsl
INFO  (2021-12-27) 17:39.18:271 [core.manager] (/ka/inscriptions/ECG416.html) qtp31114735-20/CacheImpl: Caching new response for PK_G-file-file:///Users/tamarkalkhitashvili/Documents/ecg-efes/webapps/ROOT/sitemaps/../kiln/sitemaps/../../stylesheets/epidoc/../../kiln/stylesheets/epidoc/htm-teidivedition.xsl
INFO  (2021-12-27) 17:39.18:275 [core.manager] (/ka/inscriptions/ECG416.html) qtp31114735-20/CacheImpl: Caching new response for PK_G-file-file:///Users/tamarkalkhitashvili/Documents/ecg-efes/webapps/ROOT/sitemaps/../kiln/sitemaps/../../stylesheets/epidoc/../../kiln/stylesheets/epidoc/htm-teidivapparatus.xsl
INFO  (2021-12-27) 17:39.18:278 [core.manager] (/ka/inscriptions/ECG416.html) qtp31114735-20/CacheImpl: Caching new response for PK_G-file-file:///Users/tamarkalkhitashvili/Documents/ecg-efes/webapps/ROOT/sitemaps/../kiln/sitemaps/../../stylesheets/epidoc/../../kiln/stylesheets/epidoc/htm-teiforeign.xsl
INFO  (2021-12-27) 17:39.18:280 [core.manager] (/ka/inscriptions/ECG416.html) qtp31114735-20/CacheImpl: Caching new response for PK_G-file-file:///Users/tamarkalkhitashvili/Documents/ecg-efes/webapps/ROOT/sitemaps/../kiln/sitemaps/../../stylesheets/epidoc/../../kiln/stylesheets/epidoc/htm-teifigure.xsl
INFO  (2021-12-27) 17:39.18:283 [core.manager] (/ka/inscriptions/ECG416.html) qtp31114735-20/CacheImpl: Caching new response for PK_G-file-file:///Users/tamarkalkhitashvili/Documents/ecg-efes/webapps/ROOT/sitemaps/../kiln/sitemaps/../../stylesheets/epidoc/../../kiln/stylesheets/epidoc/htm-teig.xsl
INFO  (2021-12-27) 17:39.18:292 [core.manager] (/ka/inscriptions/ECG416.html) qtp31114735-20/CacheImpl: Caching new response for PK_G-file-file:///Users/tamarkalkhitashvili/Documents/ecg-efes/webapps/ROOT/sitemaps/../kiln/sitemaps/../../stylesheets/epidoc/../../kiln/stylesheets/epidoc/teig.xsl
INFO  (2021-12-27) 17:39.18:299 [core.manager] (/ka/inscriptions/ECG416.html) qtp31114735-20/CacheImpl: Caching new response for PK_G-file-file:///Users/tamarkalkhitashvili/Documents/ecg-efes/webapps/ROOT/sitemaps/../kiln/sitemaps/../../stylesheets/epidoc/../../kiln/stylesheets/epidoc/htm-teigap.xsl
INFO  (2021-12-27) 17:39.18:307 [core.manager] (/ka/inscriptions/ECG416.html) qtp31114735-20/CacheImpl: Caching new response for PK_G-file-file:///Users/tamarkalkhitashvili/Documents/ecg-efes/webapps/ROOT/sitemaps/../kiln/sitemaps/../../stylesheets/epidoc/../../kiln/stylesheets/epidoc/teigap.xsl
INFO  (2021-12-27) 17:39.18:315 [core.manager] (/ka/inscriptions/ECG416.html) qtp31114735-20/CacheImpl: Caching new response for PK_G-file-file:///Users/tamarkalkhitashvili/Documents/ecg-efes/webapps/ROOT/sitemaps/../kiln/sitemaps/../../stylesheets/epidoc/../../kiln/stylesheets/epidoc/htm-teihead.xsl
INFO  (2021-12-27) 17:39.18:320 [core.manager] (/ka/inscriptions/ECG416.html) qtp31114735-20/CacheImpl: Caching new response for PK_G-file-file:///Users/tamarkalkhitashvili/Documents/ecg-efes/webapps/ROOT/sitemaps/../kiln/sitemaps/../../stylesheets/epidoc/../../kiln/stylesheets/epidoc/htm-teihi.xsl
INFO  (2021-12-27) 17:39.18:324 [core.manager] (/ka/inscriptions/ECG416.html) qtp31114735-20/CacheImpl: Caching new response for PK_G-file-file:///Users/tamarkalkhitashvili/Documents/ecg-efes/webapps/ROOT/sitemaps/../kiln/sitemaps/../../stylesheets/epidoc/../../kiln/stylesheets/epidoc/teihi.xsl
INFO  (2021-12-27) 17:39.18:331 [core.manager] (/ka/inscriptions/ECG416.html) qtp31114735-20/CacheImpl: Caching new response for PK_G-file-file:///Users/tamarkalkhitashvili/Documents/ecg-efes/webapps/ROOT/sitemaps/../kiln/sitemaps/../../stylesheets/epidoc/../../kiln/stylesheets/epidoc/htm-teilb.xsl
INFO  (2021-12-27) 17:39.18:334 [core.manager] (/ka/inscriptions/ECG416.html) qtp31114735-20/CacheImpl: Caching new response for PK_G-file-file:///Users/tamarkalkhitashvili/Documents/ecg-efes/webapps/ROOT/sitemaps/../kiln/sitemaps/../../stylesheets/epidoc/../../kiln/stylesheets/epidoc/teilb.xsl
INFO  (2021-12-27) 17:39.18:336 [core.manager] (/ka/inscriptions/ECG416.html) qtp31114735-20/CacheImpl: Caching new response for PK_G-file-file:///Users/tamarkalkhitashvili/Documents/ecg-efes/webapps/ROOT/sitemaps/../kiln/sitemaps/../../stylesheets/epidoc/../../kiln/stylesheets/epidoc/htm-teilgandl.xsl
INFO  (2021-12-27) 17:39.18:338 [core.manager] (/ka/inscriptions/ECG416.html) qtp31114735-20/CacheImpl: Caching new response for PK_G-file-file:///Users/tamarkalkhitashvili/Documents/ecg-efes/webapps/ROOT/sitemaps/../kiln/sitemaps/../../stylesheets/epidoc/../../kiln/stylesheets/epidoc/teilgandl.xsl
INFO  (2021-12-27) 17:39.18:341 [core.manager] (/ka/inscriptions/ECG416.html) qtp31114735-20/CacheImpl: Caching new response for PK_G-file-file:///Users/tamarkalkhitashvili/Documents/ecg-efes/webapps/ROOT/sitemaps/../kiln/sitemaps/../../stylesheets/epidoc/../../kiln/stylesheets/epidoc/htm-teilistanditem.xsl
INFO  (2021-12-27) 17:39.18:343 [core.manager] (/ka/inscriptions/ECG416.html) qtp31114735-20/CacheImpl: Caching new response for PK_G-file-file:///Users/tamarkalkhitashvili/Documents/ecg-efes/webapps/ROOT/sitemaps/../kiln/sitemaps/../../stylesheets/epidoc/../../kiln/stylesheets/epidoc/htm-teilistbiblandbibl.xsl
INFO  (2021-12-27) 17:39.18:345 [core.manager] (/ka/inscriptions/ECG416.html) qtp31114735-20/CacheImpl: Caching new response for PK_G-file-file:///Users/tamarkalkhitashvili/Documents/ecg-efes/webapps/ROOT/sitemaps/../kiln/sitemaps/../../stylesheets/epidoc/../../kiln/stylesheets/epidoc/htm-teimilestone.xsl
INFO  (2021-12-27) 17:39.18:348 [core.manager] (/ka/inscriptions/ECG416.html) qtp31114735-20/CacheImpl: Caching new response for PK_G-file-file:///Users/tamarkalkhitashvili/Documents/ecg-efes/webapps/ROOT/sitemaps/../kiln/sitemaps/../../stylesheets/epidoc/../../kiln/stylesheets/epidoc/htm-teibibl.xsl
INFO  (2021-12-27) 17:39.18:350 [core.manager] (/ka/inscriptions/ECG416.html) qtp31114735-20/CacheImpl: Caching new response for PK_G-file-file:///Users/tamarkalkhitashvili/Documents/ecg-efes/webapps/ROOT/sitemaps/../kiln/sitemaps/../../stylesheets/epidoc/../../kiln/stylesheets/epidoc/htm-teinote.xsl
INFO  (2021-12-27) 17:39.18:352 [core.manager] (/ka/inscriptions/ECG416.html) qtp31114735-20/CacheImpl: Caching new response for PK_G-file-file:///Users/tamarkalkhitashvili/Documents/ecg-efes/webapps/ROOT/sitemaps/../kiln/sitemaps/../../stylesheets/epidoc/../../kiln/stylesheets/epidoc/teinote.xsl
INFO  (2021-12-27) 17:39.18:356 [core.manager] (/ka/inscriptions/ECG416.html) qtp31114735-20/CacheImpl: Caching new response for PK_G-file-file:///Users/tamarkalkhitashvili/Documents/ecg-efes/webapps/ROOT/sitemaps/../kiln/sitemaps/../../stylesheets/epidoc/../../kiln/stylesheets/epidoc/htm-teinum.xsl
INFO  (2021-12-27) 17:39.18:358 [core.manager] (/ka/inscriptions/ECG416.html) qtp31114735-20/CacheImpl: Caching new response for PK_G-file-file:///Users/tamarkalkhitashvili/Documents/ecg-efes/webapps/ROOT/sitemaps/../kiln/sitemaps/../../stylesheets/epidoc/../../kiln/stylesheets/epidoc/teinum.xsl
INFO  (2021-12-27) 17:39.18:360 [core.manager] (/ka/inscriptions/ECG416.html) qtp31114735-20/CacheImpl: Caching new response for PK_G-file-file:///Users/tamarkalkhitashvili/Documents/ecg-efes/webapps/ROOT/sitemaps/../kiln/sitemaps/../../stylesheets/epidoc/../../kiln/stylesheets/epidoc/htm-teip.xsl
INFO  (2021-12-27) 17:39.18:362 [core.manager] (/ka/inscriptions/ECG416.html) qtp31114735-20/CacheImpl: Caching new response for PK_G-file-file:///Users/tamarkalkhitashvili/Documents/ecg-efes/webapps/ROOT/sitemaps/../kiln/sitemaps/../../stylesheets/epidoc/../../kiln/stylesheets/epidoc/htm-teiseg.xsl
INFO  (2021-12-27) 17:39.18:364 [core.manager] (/ka/inscriptions/ECG416.html) qtp31114735-20/CacheImpl: Caching new response for PK_G-file-file:///Users/tamarkalkhitashvili/Documents/ecg-efes/webapps/ROOT/sitemaps/../kiln/sitemaps/../../stylesheets/epidoc/../../kiln/stylesheets/epidoc/teiseg.xsl
INFO  (2021-12-27) 17:39.18:366 [core.manager] (/ka/inscriptions/ECG416.html) qtp31114735-20/CacheImpl: Caching new response for PK_G-file-file:///Users/tamarkalkhitashvili/Documents/ecg-efes/webapps/ROOT/sitemaps/../kiln/sitemaps/../../stylesheets/epidoc/../../kiln/stylesheets/epidoc/htm-teispace.xsl
INFO  (2021-12-27) 17:39.18:368 [core.manager] (/ka/inscriptions/ECG416.html) qtp31114735-20/CacheImpl: Caching new response for PK_G-file-file:///Users/tamarkalkhitashvili/Documents/ecg-efes/webapps/ROOT/sitemaps/../kiln/sitemaps/../../stylesheets/epidoc/../../kiln/stylesheets/epidoc/htm-teisupplied.xsl
INFO  (2021-12-27) 17:39.18:370 [core.manager] (/ka/inscriptions/ECG416.html) qtp31114735-20/CacheImpl: Caching new response for PK_G-file-file:///Users/tamarkalkhitashvili/Documents/ecg-efes/webapps/ROOT/sitemaps/../kiln/sitemaps/../../stylesheets/epidoc/../../kiln/stylesheets/epidoc/htm-teiterm.xsl
INFO  (2021-12-27) 17:39.18:371 [core.manager] (/ka/inscriptions/ECG416.html) qtp31114735-20/CacheImpl: Caching new response for PK_G-file-file:///Users/tamarkalkhitashvili/Documents/ecg-efes/webapps/ROOT/sitemaps/../kiln/sitemaps/../../stylesheets/epidoc/../../kiln/stylesheets/epidoc/htm-teiref.xsl
INFO  (2021-12-27) 17:39.18:374 [core.manager] (/ka/inscriptions/ECG416.html) qtp31114735-20/CacheImpl: Caching new response for PK_G-file-file:///Users/tamarkalkhitashvili/Documents/ecg-efes/webapps/ROOT/sitemaps/../kiln/sitemaps/../../stylesheets/epidoc/../../kiln/stylesheets/epidoc/teiref.xsl
INFO  (2021-12-27) 17:39.18:377 [core.manager] (/ka/inscriptions/ECG416.html) qtp31114735-20/CacheImpl: Caching new response for PK_G-file-file:///Users/tamarkalkhitashvili/Documents/ecg-efes/webapps/ROOT/sitemaps/../kiln/sitemaps/../../stylesheets/epidoc/../../kiln/stylesheets/epidoc/teiabbrandexpan.xsl
INFO  (2021-12-27) 17:39.18:379 [core.manager] (/ka/inscriptions/ECG416.html) qtp31114735-20/CacheImpl: Caching new response for PK_G-file-file:///Users/tamarkalkhitashvili/Documents/ecg-efes/webapps/ROOT/sitemaps/../kiln/sitemaps/../../stylesheets/epidoc/../../kiln/stylesheets/epidoc/teicertainty.xsl
INFO  (2021-12-27) 17:39.18:381 [core.manager] (/ka/inscriptions/ECG416.html) qtp31114735-20/CacheImpl: Caching new response for PK_G-file-file:///Users/tamarkalkhitashvili/Documents/ecg-efes/webapps/ROOT/sitemaps/../kiln/sitemaps/../../stylesheets/epidoc/../../kiln/stylesheets/epidoc/teichoice.xsl
INFO  (2021-12-27) 17:39.18:385 [core.manager] (/ka/inscriptions/ECG416.html) qtp31114735-20/CacheImpl: Caching new response for PK_G-file-file:///Users/tamarkalkhitashvili/Documents/ecg-efes/webapps/ROOT/sitemaps/../kiln/sitemaps/../../stylesheets/epidoc/../../kiln/stylesheets/epidoc/teihandshift.xsl
INFO  (2021-12-27) 17:39.18:387 [core.manager] (/ka/inscriptions/ECG416.html) qtp31114735-20/CacheImpl: Caching new response for PK_G-file-file:///Users/tamarkalkhitashvili/Documents/ecg-efes/webapps/ROOT/sitemaps/../kiln/sitemaps/../../stylesheets/epidoc/../../kiln/stylesheets/epidoc/teiheader.xsl
INFO  (2021-12-27) 17:39.18:390 [core.manager] (/ka/inscriptions/ECG416.html) qtp31114735-20/CacheImpl: Caching new response for PK_G-file-file:///Users/tamarkalkhitashvili/Documents/ecg-efes/webapps/ROOT/sitemaps/../kiln/sitemaps/../../stylesheets/epidoc/../../kiln/stylesheets/epidoc/teimilestone.xsl
INFO  (2021-12-27) 17:39.18:392 [core.manager] (/ka/inscriptions/ECG416.html) qtp31114735-20/CacheImpl: Caching new response for PK_G-file-file:///Users/tamarkalkhitashvili/Documents/ecg-efes/webapps/ROOT/sitemaps/../kiln/sitemaps/../../stylesheets/epidoc/../../kiln/stylesheets/epidoc/teiorig.xsl
INFO  (2021-12-27) 17:39.18:395 [core.manager] (/ka/inscriptions/ECG416.html) qtp31114735-20/CacheImpl: Caching new response for PK_G-file-file:///Users/tamarkalkhitashvili/Documents/ecg-efes/webapps/ROOT/sitemaps/../kiln/sitemaps/../../stylesheets/epidoc/../../kiln/stylesheets/epidoc/teiorigandreg.xsl
INFO  (2021-12-27) 17:39.18:398 [core.manager] (/ka/inscriptions/ECG416.html) qtp31114735-20/CacheImpl: Caching new response for PK_G-file-file:///Users/tamarkalkhitashvili/Documents/ecg-efes/webapps/ROOT/sitemaps/../kiln/sitemaps/../../stylesheets/epidoc/../../kiln/stylesheets/epidoc/teiq.xsl
INFO  (2021-12-27) 17:39.18:400 [core.manager] (/ka/inscriptions/ECG416.html) qtp31114735-20/CacheImpl: Caching new response for PK_G-file-file:///Users/tamarkalkhitashvili/Documents/ecg-efes/webapps/ROOT/sitemaps/../kiln/sitemaps/../../stylesheets/epidoc/../../kiln/stylesheets/epidoc/teisicandcorr.xsl
INFO  (2021-12-27) 17:39.18:411 [core.manager] (/ka/inscriptions/ECG416.html) qtp31114735-20/CacheImpl: Caching new response for PK_G-file-file:///Users/tamarkalkhitashvili/Documents/ecg-efes/webapps/ROOT/sitemaps/../kiln/sitemaps/../../stylesheets/epidoc/../../kiln/stylesheets/epidoc/teispace.xsl
INFO  (2021-12-27) 17:39.18:415 [core.manager] (/ka/inscriptions/ECG416.html) qtp31114735-20/CacheImpl: Caching new response for PK_G-file-file:///Users/tamarkalkhitashvili/Documents/ecg-efes/webapps/ROOT/sitemaps/../kiln/sitemaps/../../stylesheets/epidoc/../../kiln/stylesheets/epidoc/teisupplied.xsl
INFO  (2021-12-27) 17:39.18:417 [core.manager] (/ka/inscriptions/ECG416.html) qtp31114735-20/CacheImpl: Caching new response for PK_G-file-file:///Users/tamarkalkhitashvili/Documents/ecg-efes/webapps/ROOT/sitemaps/../kiln/sitemaps/../../stylesheets/epidoc/../../kiln/stylesheets/epidoc/teisurplus.xsl
INFO  (2021-12-27) 17:39.18:419 [core.manager] (/ka/inscriptions/ECG416.html) qtp31114735-20/CacheImpl: Caching new response for PK_G-file-file:///Users/tamarkalkhitashvili/Documents/ecg-efes/webapps/ROOT/sitemaps/../kiln/sitemaps/../../stylesheets/epidoc/../../kiln/stylesheets/epidoc/teiunclear.xsl
INFO  (2021-12-27) 17:39.18:421 [core.manager] (/ka/inscriptions/ECG416.html) qtp31114735-20/CacheImpl: Caching new response for PK_G-file-file:///Users/tamarkalkhitashvili/Documents/ecg-efes/webapps/ROOT/sitemaps/../kiln/sitemaps/../../stylesheets/epidoc/../../kiln/stylesheets/epidoc/htm-tpl-cssandscripts.xsl
INFO  (2021-12-27) 17:39.18:425 [core.manager] (/ka/inscriptions/ECG416.html) qtp31114735-20/CacheImpl: Caching new response for PK_G-file-file:///Users/tamarkalkhitashvili/Documents/ecg-efes/webapps/ROOT/sitemaps/../kiln/sitemaps/../../stylesheets/epidoc/../../kiln/stylesheets/epidoc/htm-tpl-apparatus.xsl
INFO  (2021-12-27) 17:39.18:446 [core.manager] (/ka/inscriptions/ECG416.html) qtp31114735-20/CacheImpl: Caching new response for PK_G-file-file:///Users/tamarkalkhitashvili/Documents/ecg-efes/webapps/ROOT/sitemaps/../kiln/sitemaps/../../stylesheets/epidoc/../../kiln/stylesheets/epidoc/tpl-apparatus.xsl
INFO  (2021-12-27) 17:39.18:452 [core.manager] (/ka/inscriptions/ECG416.html) qtp31114735-20/CacheImpl: Caching new response for PK_G-file-file:///Users/tamarkalkhitashvili/Documents/ecg-efes/webapps/ROOT/sitemaps/../kiln/sitemaps/../../stylesheets/epidoc/../../kiln/stylesheets/epidoc/htm-tpl-lang.xsl
INFO  (2021-12-27) 17:39.18:454 [core.manager] (/ka/inscriptions/ECG416.html) qtp31114735-20/CacheImpl: Caching new response for PK_G-file-file:///Users/tamarkalkhitashvili/Documents/ecg-efes/webapps/ROOT/sitemaps/../kiln/sitemaps/../../stylesheets/epidoc/../../kiln/stylesheets/epidoc/htm-tpl-metadata.xsl
INFO  (2021-12-27) 17:39.18:457 [core.manager] (/ka/inscriptions/ECG416.html) qtp31114735-20/CacheImpl: Caching new response for PK_G-file-file:///Users/tamarkalkhitashvili/Documents/ecg-efes/webapps/ROOT/sitemaps/../kiln/sitemaps/../../stylesheets/epidoc/../../kiln/stylesheets/epidoc/htm-tpl-license.xsl
INFO  (2021-12-27) 17:39.18:460 [core.manager] (/ka/inscriptions/ECG416.html) qtp31114735-20/CacheImpl: Caching new response for PK_G-file-file:///Users/tamarkalkhitashvili/Documents/ecg-efes/webapps/ROOT/sitemaps/../kiln/sitemaps/../../stylesheets/epidoc/../../kiln/stylesheets/epidoc/htm-tpl-sqbrackets.xsl
INFO  (2021-12-27) 17:39.18:463 [core.manager] (/ka/inscriptions/ECG416.html) qtp31114735-20/CacheImpl: Caching new response for PK_G-file-file:///Users/tamarkalkhitashvili/Documents/ecg-efes/webapps/ROOT/sitemaps/../kiln/sitemaps/../../stylesheets/epidoc/../../kiln/stylesheets/epidoc/htm-tpl-structure.xsl
INFO  (2021-12-27) 17:39.18:466 [core.manager] (/ka/inscriptions/ECG416.html) qtp31114735-20/CacheImpl: Caching new response for PK_G-file-file:///Users/tamarkalkhitashvili/Documents/ecg-efes/webapps/ROOT/sitemaps/../kiln/sitemaps/../../stylesheets/epidoc/../../kiln/stylesheets/epidoc/htm-tpl-struct-creta.xsl
INFO  (2021-12-27) 17:39.18:471 [core.manager] (/ka/inscriptions/ECG416.html) qtp31114735-20/CacheImpl: Caching new response for PK_G-file-file:///Users/tamarkalkhitashvili/Documents/ecg-efes/webapps/ROOT/sitemaps/../kiln/sitemaps/../../stylesheets/epidoc/../../kiln/stylesheets/epidoc/htm-tpl-struct-dol.xsl
INFO  (2021-12-27) 17:39.18:475 [core.manager] (/ka/inscriptions/ECG416.html) qtp31114735-20/CacheImpl: Caching new response for PK_G-file-file:///Users/tamarkalkhitashvili/Documents/ecg-efes/webapps/ROOT/sitemaps/../kiln/sitemaps/../../stylesheets/epidoc/../../kiln/stylesheets/epidoc/htm-tpl-struct-edak.xsl
INFO  (2021-12-27) 17:39.18:479 [core.manager] (/ka/inscriptions/ECG416.html) qtp31114735-20/CacheImpl: Caching new response for PK_G-file-file:///Users/tamarkalkhitashvili/Documents/ecg-efes/webapps/ROOT/sitemaps/../kiln/sitemaps/../../stylesheets/epidoc/../../kiln/stylesheets/epidoc/htm-tpl-struct-inslib.xsl
INFO  (2021-12-27) 17:39.18:484 [core.manager] (/ka/inscriptions/ECG416.html) qtp31114735-20/CacheImpl: Caching new response for PK_G-file-file:///Users/tamarkalkhitashvili/Documents/ecg-efes/webapps/ROOT/sitemaps/../kiln/sitemaps/../../stylesheets/epidoc/../../kiln/stylesheets/epidoc/htm-tpl-struct-iospe.xsl
INFO  (2021-12-27) 17:39.18:489 [core.manager] (/ka/inscriptions/ECG416.html) qtp31114735-20/CacheImpl: Caching new response for PK_G-file-file:///Users/tamarkalkhitashvili/Documents/ecg-efes/webapps/ROOT/sitemaps/../kiln/sitemaps/../../stylesheets/epidoc/../../kiln/stylesheets/epidoc/htm-tpl-struct-sample.xsl
INFO  (2021-12-27) 17:39.18:495 [core.manager] (/ka/inscriptions/ECG416.html) qtp31114735-20/CacheImpl: Caching new response for PK_G-file-file:///Users/tamarkalkhitashvili/Documents/ecg-efes/webapps/ROOT/sitemaps/../kiln/sitemaps/../../stylesheets/epidoc/../../kiln/stylesheets/epidoc/htm-tpl-struct-sigidoc.xsl
INFO  (2021-12-27) 17:39.18:499 [core.manager] (/ka/inscriptions/ECG416.html) qtp31114735-20/CacheImpl: Caching new response for PK_G-file-file:///Users/tamarkalkhitashvili/Documents/ecg-efes/webapps/ROOT/sitemaps/../kiln/sitemaps/../../stylesheets/epidoc/../../kiln/stylesheets/epidoc/htm-tpl-struct-ecg.xsl
INFO  (2021-12-27) 17:39.18:502 [core.manager] (/ka/inscriptions/ECG416.html) qtp31114735-20/CacheImpl: Caching new response for PK_G-file-file:///Users/tamarkalkhitashvili/Documents/ecg-efes/webapps/ROOT/sitemaps/../kiln/sitemaps/../../stylesheets/epidoc/../../kiln/stylesheets/epidoc/tpl-certlow.xsl
INFO  (2021-12-27) 17:39.18:505 [core.manager] (/ka/inscriptions/ECG416.html) qtp31114735-20/CacheImpl: Caching new response for PK_G-file-file:///Users/tamarkalkhitashvili/Documents/ecg-efes/webapps/ROOT/sitemaps/../kiln/sitemaps/../../stylesheets/epidoc/../../kiln/stylesheets/epidoc/tpl-text.xsl
INFO  (2021-12-27) 17:39.18:506 [core.manager] (/ka/inscriptions/ECG416.html) qtp31114735-20/CacheImpl: Caching new response for PK_G-file-file:///Users/tamarkalkhitashvili/Documents/ecg-efes/webapps/ROOT/sitemaps/../kiln/sitemaps/../../stylesheets/epidoc/../../kiln/stylesheets/epidoc/functions.xsl
INFO  (2021-12-27) 17:39.18:512 [core.manager] (/ka/inscriptions/ECG416.html) qtp31114735-20/CacheImpl: Caching new response for PK_G-file-file:///Users/tamarkalkhitashvili/Documents/ecg-efes/webapps/ROOT/sitemaps/../kiln/sitemaps/../../stylesheets/epidoc/htm-tpl-struct-sample.xsl
INFO  (2021-12-27) 17:39.18:518 [core.manager] (/ka/inscriptions/ECG416.html) qtp31114735-20/CacheImpl: Caching new response for PK_G-file-file:///Users/tamarkalkhitashvili/Documents/ecg-efes/webapps/ROOT/sitemaps/../kiln/sitemaps/../../stylesheets/menu/menu.xsl
INFO  (2021-12-27) 17:39.18:972 [core.manager] (/ka/inscriptions/ECG416.html) qtp31114735-20/CacheImpl: Caching new response for PK_G-file-file:///Users/tamarkalkhitashvili/Documents/ecg-efes/webapps/ROOT/sitemaps/../kiln/sitemaps/../../sitemaps/../content/xml/epidoc/ECG416.xml_T-saxon-file:///Users/tamarkalkhitashvili/Documents/ecg-efes/webapps/ROOT/sitemaps/../kiln/sitemaps/../../sitemaps/../stylesheets/epidoc/prune-to-language.xsl;language=ka_T-i18n-../assets/translations?ka__
INFO  (2021-12-27) 17:39.18:982 [core.manager] (/ka/inscriptions/ECG416.html) qtp31114735-20/CacheImpl: Caching new response for PK_G-file-file:///Users/tamarkalkhitashvili/Documents/ecg-efes/webapps/ROOT/sitemaps/../kiln/sitemaps/../../assets/menu/main.xml_T-saxon-file:///Users/tamarkalkhitashvili/Documents/ecg-efes/webapps/ROOT/sitemaps/../kiln/sitemaps/../stylesheets/menu/normalise-menu.xsl;language=ka;url=ka/inscriptions/ECG416.html_T-saxon-file:///Users/tamarkalkhitashvili/Documents/ecg-efes/webapps/ROOT/sitemaps/../kiln/sitemaps/../stylesheets/menu/contextualise-menu.xsl;language=ka;url=ka/inscriptions/ECG416.html
INFO  (2021-12-27) 17:39.18:990 [core.i18n] (/ka/inscriptions/ECG416.html) qtp31114735-20/XMLResourceBundle: Bundle <file:///Users/tamarkalkhitashvili/Documents/ecg-efes/webapps/ROOT/sitemaps/../kiln/sitemaps/../../sitemaps/../assets/translations/messages.xml> not loaded: Source URI not found
INFO  (2021-12-27) 17:39.19:057 [access] (/ka/inscriptions/ECG416.html) qtp31114735-20/CocoonServlet: 'ka/inscriptions/ECG416.html' Processed by Apache Cocoon 2.1.11 in 1.736 seconds.
ERROR (2021-12-27) 17:39.19:576 [sitemap.handled-errors] (/assets/images/favicon.png) qtp31114735-21/ErrorHandlerHelper: Error during resolving of the input stream
	at <map:read> - file:///Users/tamarkalkhitashvili/Documents/ecg-efes/webapps/ROOT/sitemaps/../kiln/sitemaps/assets.xmap:34:70
	at <map:mount> - file:///Users/tamarkalkhitashvili/Documents/ecg-efes/webapps/ROOT/sitemaps/../kiln/sitemaps/main.xmap:122:80
	at <map:mount> - file:///Users/tamarkalkhitashvili/Documents/ecg-efes/webapps/ROOT/sitemaps/config.xmap:150:36
INFO  (2021-12-27) 17:39.19:586 [sitemap] (/assets/images/favicon.png) qtp31114735-21/HandleErrorsNode: Processing handle-errors at <map:handle-errors> - file:///Users/tamarkalkhitashvili/Documents/ecg-efes/webapps/ROOT/sitemaps/config.xmap:158:24
INFO  (2021-12-27) 17:39.19:600 [access] (/assets/images/favicon.png) qtp31114735-21/CocoonServlet: 'assets/images/favicon.png' Processed by Apache Cocoon 2.1.11 in 39 milliseconds.
INFO  (2021-12-27) 17:39.27:197 [access] (/assets/fonts/AthenaRuby_b018.ttf) qtp31114735-22/CocoonServlet: 'assets/fonts/AthenaRuby_b018.ttf' Processed by Apache Cocoon 2.1.11 in 8 milliseconds.
